SF:src/__init__.py
end_of_record
SF:src/generate_html.py
DA:1,1
DA:2,1
DA:3,1
DA:4,1
DA:7,1
DA:28,1
DA:29,1
DA:31,1
DA:34,1
DA:35,1
DA:38,1
DA:39,1
DA:40,1
DA:43,1
DA:44,1
DA:47,1
DA:48,1
DA:49,1
DA:50,1
DA:51,1
DA:52,1
DA:54,1
DA:55,1
DA:56,1
DA:60,1
DA:63,1
DA:64,1
DA:65,1
DA:66,1
DA:67,1
DA:70,1
DA:71,1
DA:72,1
DA:73,1
DA:76,1
DA:79,1
DA:80,1
DA:81,1
DA:84,1
DA:85,1
DA:89,1
DA:96,1
DA:99,1
DA:100,1
DA:103,1
DA:104,1
DA:110,1
DA:111,1
DA:113,1
DA:114,1
DA:115,1
LF:51
LH:51
FN:7,115,create_html_from_alto
FNDA:1,create_html_from_alto
FNF:1
FNH:1
end_of_record
SF:src/normalize_rag.py
DA:1,1
DA:2,1
DA:3,1
DA:4,1
DA:5,1
DA:6,1
DA:9,1
DA:16,1
DA:18,1
DA:19,1
DA:20,1
DA:21,1
DA:22,1
DA:23,1
DA:24,1
DA:25,1
DA:26,1
DA:29,1
DA:31,1
DA:32,1
DA:33,1
DA:34,1
DA:35,1
DA:37,1
DA:38,1
DA:40,1
DA:41,1
DA:46,1
DA:49,1
DA:52,1
DA:53,1
DA:54,1
DA:55,1
DA:57,1
DA:69,1
DA:71,1
DA:72,1
DA:73,1
DA:74,1
DA:75,1
DA:76,1
DA:78,1
DA:79,1
LF:43
LH:43
FN:9,79,generate_rag_json
FNDA:1,generate_rag_json
FNF:1
FNH:1
end_of_record
SF:src/ocr.py
DA:4,1
DA:5,1
DA:6,1
DA:7,1
DA:10,1
DA:14,1
DA:17,1
DA:18,1
DA:21,1
DA:22,1
DA:25,1
DA:26,1
DA:27,1
DA:28,1
DA:29,1
DA:30,1
DA:31,1
DA:32,1
DA:33,1
DA:35,1
LF:20
LH:20
FN:10,35,run_ocr
FNDA:1,run_ocr
FNF:1
FNH:1
end_of_record
SF:src/preprocess.py
DA:4,1
DA:5,1
DA:8,1
DA:12,1
DA:15,1
DA:20,1
DA:21,1
DA:22,1
LF:8
LH:8
FN:8,22,preprocess_image
FNDA:1,preprocess_image
FNF:1
FNH:1
end_of_record
SF:src/utils/__init__.py
end_of_record
SF:src/utils/logging_config.py
DA:1,1
DA:2,1
DA:5,1
DA:9,1
DA:12,1
DA:13,1
DA:16,1
DA:17,1
DA:20,1
DA:21,1
DA:22,1
DA:25,1
DA:26,1
DA:28,1
LF:14
LH:14
FN:5,28,setup_logging
FNDA:1,setup_logging
FNF:1
FNH:1
end_of_record
